<?xml version="1.0" encoding="UTF-8"?>
<!-- Generated by org.testng.reporters.JUnitReportReporter -->
<testsuite hostname="DESKTOP-19VCKBM" failures="0" tests="2" name="testNG.OrderOfAnnotatonsExecution" time="0.022" errors="0" timestamp="2022-12-13T13:05:09 IST" skipped="0">
  <testcase classname="testNG.OrderOfAnnotatonsExecution" name="test" time="0.020"/>
  <system-out/>
  <testcase classname="testNG.OrderOfAnnotatonsExecution" name="test2" time="0.002"/>
  <system-out/>
</testsuite> <!-- testNG.OrderOfAnnotatonsExecution -->
