<?xml version="1.0" encoding="UTF-8"?>
<!-- Generated by org.testng.reporters.JUnitReportReporter -->
<testsuite hostname="DESKTOP-19VCKBM" failures="0" tests="5" name="testNG.TestAnnotation" time="0.100" errors="0" timestamp="2022-12-14T13:46:37 IST" skipped="0">
  <testcase classname="testNG.TestAnnotation" name="enterUserName" time="0.017"/>
  <system-out/>
  <testcase classname="testNG.TestAnnotation" name="enterPassword" time="0.008"/>
  <system-out/>
  <testcase classname="testNG.TestAnnotation" name="powerOnLaptop" time="0.037"/>
  <system-out/>
  <testcase classname="testNG.TestAnnotation" name="openEclipse" time="0.018"/>
  <system-out/>
  <testcase classname="testNG.TestAnnotation" name="clickSubmit" time="0.020"/>
  <system-out/>
</testsuite> <!-- testNG.TestAnnotation -->
