<?xml version="1.0" encoding="UTF-8"?>
<!-- Generated by org.testng.reporters.JUnitReportReporter -->
<testsuite hostname="DESKTOP-19VCKBM" failures="0" tests="1" name="practice.ResizeBrowser" time="59.037" errors="0" timestamp="2022-12-14T11:43:18 IST" skipped="0">
  <testcase classname="practice.ResizeBrowser" name="launchBrowser" time="59.037"/>
  <system-out/>
</testsuite> <!-- practice.ResizeBrowser -->
