<?xml version="1.0" encoding="UTF-8"?>
<!-- Generated by org.testng.reporters.JUnitReportReporter -->
<testsuite hostname="DESKTOP-19VCKBM" failures="0" tests="5" name="testNG.DependiesManagement" time="0.033" errors="0" timestamp="1 Oct 2022 05:05:21 GMT">
  <testcase classname="testNG.DependiesManagement" name="enterUserName" time="0.004"/>
  <testcase classname="testNG.DependiesManagement" name="clickSubmit" time="0.003"/>
  <testcase classname="testNG.DependiesManagement" name="enterPassword" time="0.005"/>
  <testcase classname="testNG.DependiesManagement" name="powerOnLaptop" time="0.018"/>
  <testcase classname="testNG.DependiesManagement" name="openEclipse" time="0.003"/>
</testsuite> <!-- testNG.DependiesManagement -->
