<?xml version="1.0" encoding="UTF-8"?>
<!-- Generated by org.testng.reporters.JUnitReportReporter -->
<testsuite hostname="DESKTOP-19VCKBM" failures="0" tests="4" name="testNG.dependency" time="0.029" errors="0" timestamp="1 Oct 2022 05:02:49 GMT">
  <testcase classname="testNG.dependency" name="edit" time="0.018"/>
  <testcase classname="testNG.dependency" name="delete" time="0.003"/>
  <testcase classname="testNG.dependency" name="create" time="0.005"/>
  <testcase classname="testNG.dependency" name="modify" time="0.003"/>
</testsuite> <!-- testNG.dependency -->
