<?xml version="1.0" encoding="UTF-8"?>
<!-- Generated by org.testng.reporters.JUnitReportReporter -->
<testsuite hostname="DESKTOP-19VCKBM" failures="0" tests="5" name="testNG.PriorityAnnotation" time="0.030" errors="0" timestamp="1 Oct 2022 05:59:29 GMT">
  <testcase classname="testNG.PriorityAnnotation" name="clickSubmit" time="0.003"/>
  <testcase classname="testNG.PriorityAnnotation" name="powerOnLaptop" time="0.016"/>
  <testcase classname="testNG.PriorityAnnotation" name="enterPassword" time="0.003"/>
  <testcase classname="testNG.PriorityAnnotation" name="enterUserName" time="0.006"/>
  <testcase classname="testNG.PriorityAnnotation" name="openEclipse" time="0.002"/>
</testsuite> <!-- testNG.PriorityAnnotation -->
