<?xml version="1.0" encoding="UTF-8"?>
<!-- Generated by org.testng.reporters.JUnitReportReporter -->
<testsuite hostname="DESKTOP-19VCKBM" failures="0" tests="1" name="testNG.Parameter" time="0.065" errors="0" timestamp="2022-12-14T13:46:37 IST" skipped="0">
  <testcase classname="testNG.Parameter" name="add" time="0.065"/>
  <system-out/>
</testsuite> <!-- testNG.Parameter -->
