<?xml version="1.0" encoding="UTF-8"?>
<!-- Generated by org.testng.reporters.JUnitReportReporter -->
<testsuite hostname="DESKTOP-19VCKBM" failures="0" tests="5" name="testNG.SkiptestCase" time="0.072" errors="0" timestamp="2022-12-14T13:46:37 IST" skipped="1">
  <testcase classname="testNG.SkiptestCase" name="powerOnLaptop" time="0.006"/>
  <system-out/>
  <testcase classname="testNG.SkiptestCase" name="enterUserName" time="0.020"/>
  <system-out/>
  <testcase classname="testNG.SkiptestCase" name="enterPassword" time="0.034"/>
  <system-out/>
  <testcase classname="testNG.SkiptestCase" name="clickSubmit" time="0.012"/>
  <system-out/>
  <testcase classname="testNG.SkiptestCase" name="openEclipse">
    <skipped/>
  </testcase> <!-- openEclipse -->
  <system-out/>
</testsuite> <!-- testNG.SkiptestCase -->
